<?xml version="1.0" encoding="UTF-8"?>
<testsuite name="service.TodoServiceTests" tests="1" skipped="0" failures="0" errors="0" timestamp="2024-06-10T02:42:06" hostname="DESKTOP-QP2M5G1" time="0.156">
  <properties/>
  <testcase name="testRegister()" classname="service.TodoServiceTests" time="0.156"/>
  <system-out><![CDATA[11:42:06.395 [Test worker] INFO  service.TodoServiceTests - --------------------------------
11:42:06.398 [Test worker] INFO  service.TodoServiceTests - TodoDTO(tno=null, title=JDBC Test Title2, dueDate=2024-06-10, finished=false)
11:42:06.417 [Test worker] INFO  org.zerock.jdbcex.service.TodoService - TodoVO(tno=null, title=JDBC Test Title2, dueDate=2024-06-10, finished=false)
11:42:06.434 [Test worker] INFO  com.zaxxer.hikari.HikariDataSource - HikariPool-1 - Starting...
11:42:06.497 [Test worker] INFO  com.zaxxer.hikari.pool.HikariPool - HikariPool-1 - Added connection org.mariadb.jdbc.Connection@cd7f1ae
11:42:06.498 [Test worker] INFO  com.zaxxer.hikari.HikariDataSource - HikariPool-1 - Start completed.
]]></system-out>
  <system-err><![CDATA[]]></system-err>
</testsuite>
